<?xml version="1.0" encoding="utf-8"?>
<coverage line-rate="1" branch-rate="1" version="1.9" timestamp="1663365624" lines-covered="291" lines-valid="291" branches-covered="50" branches-valid="50">
  <sources>
    <source>C:\Users\Jay\Desktop\S8APP1\CoupDeSonde\</source>
  </sources>
  <packages>
    <package name="CoupDeSonde" line-rate="1" branch-rate="1" complexity="93">
      <classes>
        <class name="Program" filename="Program.cs" line-rate="1" branch-rate="1" complexity="2">
          <methods>
            <method name="&lt;Main&gt;$" signature="(System.String[])" line-rate="1" branch-rate="1" complexity="2">
              <lines>
                <line number="6" hits="33" branch="False" />
                <line number="10" hits="33" branch="False" />
                <line number="11" hits="33" branch="False" />
                <line number="12" hits="33" branch="False" />
                <line number="13" hits="66" branch="False" />
                <line number="15" hits="33" branch="False" />
                <line number="16" hits="33" branch="False" />
                <line number="18" hits="33" branch="False" />
                <line number="19" hits="33" branch="False" />
                <line number="20" hits="33" branch="False" />
                <line number="21" hits="33" branch="False" />
                <line number="24" hits="33" branch="True" condition-coverage="100% (2/2)">
                  <conditions>
                    <condition number="152" type="jump" coverage="100%" />
                  </conditions>
                </line>
                <line number="25" hits="33" branch="False" />
                <line number="26" hits="33" branch="False" />
                <line number="27" hits="33" branch="False" />
                <line number="28" hits="33" branch="False" />
                <line number="30" hits="33" branch="False" />
                <line number="31" hits="33" branch="False" />
                <line number="32" hits="33" branch="False" />
                <line number="33" hits="33" branch="False" />
              </lines>
            </method>
          </methods>
          <lines>
            <line number="6" hits="33" branch="False" />
            <line number="10" hits="33" branch="False" />
            <line number="11" hits="33" branch="False" />
            <line number="12" hits="33" branch="False" />
            <line number="13" hits="66" branch="False" />
            <line number="15" hits="33" branch="False" />
            <line number="16" hits="33" branch="False" />
            <line number="18" hits="33" branch="False" />
            <line number="19" hits="33" branch="False" />
            <line number="20" hits="33" branch="False" />
            <line number="21" hits="33" branch="False" />
            <line number="24" hits="33" branch="True" condition-coverage="100% (2/2)">
              <conditions>
                <condition number="152" type="jump" coverage="100%" />
              </conditions>
            </line>
            <line number="25" hits="33" branch="False" />
            <line number="26" hits="33" branch="False" />
            <line number="27" hits="33" branch="False" />
            <line number="28" hits="33" branch="False" />
            <line number="30" hits="33" branch="False" />
            <line number="31" hits="33" branch="False" />
            <line number="32" hits="33" branch="False" />
            <line number="33" hits="33" branch="False" />
          </lines>
        </class>
        <class name="CoupDeSonde.AppSettings" filename="AppSettings.cs" line-rate="1" branch-rate="1" complexity="2">
          <methods>
            <method name="get_Secret" signature="()" line-rate="1" branch-rate="1" complexity="1">
              <lines>
                <line number="5" hits="145" branch="False" />
              </lines>
            </method>
            <method name="get_persistencePath" signature="()" line-rate="1" branch-rate="1" complexity="1">
              <lines>
                <line number="7" hits="152" branch="False" />
              </lines>
            </method>
          </methods>
          <lines>
            <line number="5" hits="145" branch="False" />
            <line number="7" hits="152" branch="False" />
          </lines>
        </class>
        <class name="CoupDeSonde.AuthorizeAttribute" filename="Middlewares\AuthorizeAttribute.cs" line-rate="1" branch-rate="1" complexity="2">
          <methods>
            <method name="OnAuthorization" signature="(Microsoft.AspNetCore.Mvc.Filters.AuthorizationFilterContext)" line-rate="1" branch-rate="1" complexity="2">
              <lines>
                <line number="10" hits="2" branch="False" />
                <line number="11" hits="2" branch="False" />
                <line number="12" hits="2" branch="True" condition-coverage="100% (2/2)">
                  <conditions>
                    <condition number="34" type="jump" coverage="100%" />
                  </conditions>
                </line>
                <line number="13" hits="2" branch="False" />
                <line number="15" hits="2" branch="False" />
                <line number="16" hits="2" branch="False" />
                <line number="17" hits="2" branch="False" />
              </lines>
            </method>
          </methods>
          <lines>
            <line number="10" hits="2" branch="False" />
            <line number="11" hits="2" branch="False" />
            <line number="12" hits="2" branch="True" condition-coverage="100% (2/2)">
              <conditions>
                <condition number="34" type="jump" coverage="100%" />
              </conditions>
            </line>
            <line number="13" hits="2" branch="False" />
            <line number="15" hits="2" branch="False" />
            <line number="16" hits="2" branch="False" />
            <line number="17" hits="2" branch="False" />
          </lines>
        </class>
        <class name="CoupDeSonde.Services.AuthentificationService" filename="Services\AuthentificationService.cs" line-rate="1" branch-rate="1" complexity="8">
          <methods>
            <method name="Login" signature="(CoupDeSonde.Models.LoginRequest)" line-rate="1" branch-rate="1" complexity="4">
              <lines>
                <line number="36" hits="5" branch="False" />
                <line number="37" hits="25" branch="False" />
                <line number="39" hits="5" branch="True" condition-coverage="100% (4/4)">
                  <conditions>
                    <condition number="39" type="jump" coverage="100%" />
                    <condition number="78" type="jump" coverage="100%" />
                  </conditions>
                </line>
                <line number="40" hits="3" branch="False" />
                <line number="42" hits="2" branch="False" />
                <line number="43" hits="5" branch="False" />
              </lines>
            </method>
            <method name="GetByUsername" signature="(System.String)" line-rate="1" branch-rate="1" complexity="1">
              <lines>
                <line number="46" hits="2" branch="False" />
                <line number="47" hits="4" branch="False" />
                <line number="48" hits="2" branch="False" />
              </lines>
            </method>
            <method name="generateJwtToken" signature="(CoupDeSonde.Models.User)" line-rate="1" branch-rate="1" complexity="1">
              <lines>
                <line number="51" hits="2" branch="False" />
                <line number="53" hits="2" branch="False" />
                <line number="54" hits="2" branch="False" />
                <line number="55" hits="2" branch="False" />
                <line number="56" hits="2" branch="False" />
                <line number="57" hits="2" branch="False" />
                <line number="58" hits="2" branch="False" />
                <line number="59" hits="2" branch="False" />
                <line number="60" hits="2" branch="False" />
                <line number="61" hits="2" branch="False" />
                <line number="62" hits="2" branch="False" />
                <line number="63" hits="2" branch="False" />
              </lines>
            </method>
            <method name="&lt;.ctor&gt;b__3_0" signature="(CoupDeSonde.Models.User)" line-rate="1" branch-rate="1" complexity="1">
              <lines>
                <line number="32" hits="190" branch="False" />
              </lines>
            </method>
            <method name=".ctor" signature="(Microsoft.Extensions.Options.IOptions`1&lt;CoupDeSonde.AppSettings&gt;)" line-rate="1" branch-rate="1" complexity="1">
              <lines>
                <line number="19" hits="38" branch="False" />
                <line number="20" hits="38" branch="False" />
                <line number="21" hits="38" branch="False" />
                <line number="22" hits="38" branch="False" />
                <line number="23" hits="38" branch="False" />
                <line number="24" hits="38" branch="False" />
                <line number="25" hits="38" branch="False" />
                <line number="27" hits="38" branch="False" />
                <line number="29" hits="38" branch="False" />
                <line number="30" hits="38" branch="False" />
                <line number="31" hits="38" branch="False" />
                <line number="33" hits="38" branch="False" />
              </lines>
            </method>
          </methods>
          <lines>
            <line number="36" hits="5" branch="False" />
            <line number="37" hits="25" branch="False" />
            <line number="39" hits="5" branch="True" condition-coverage="100% (4/4)">
              <conditions>
                <condition number="39" type="jump" coverage="100%" />
                <condition number="78" type="jump" coverage="100%" />
              </conditions>
            </line>
            <line number="40" hits="3" branch="False" />
            <line number="42" hits="2" branch="False" />
            <line number="43" hits="5" branch="False" />
            <line number="46" hits="2" branch="False" />
            <line number="47" hits="4" branch="False" />
            <line number="48" hits="2" branch="False" />
            <line number="51" hits="2" branch="False" />
            <line number="53" hits="2" branch="False" />
            <line number="54" hits="2" branch="False" />
            <line number="55" hits="2" branch="False" />
            <line number="56" hits="2" branch="False" />
            <line number="57" hits="2" branch="False" />
            <line number="58" hits="2" branch="False" />
            <line number="59" hits="2" branch="False" />
            <line number="60" hits="2" branch="False" />
            <line number="61" hits="2" branch="False" />
            <line number="62" hits="2" branch="False" />
            <line number="63" hits="2" branch="False" />
            <line number="32" hits="190" branch="False" />
            <line number="19" hits="38" branch="False" />
            <line number="20" hits="38" branch="False" />
            <line number="21" hits="38" branch="False" />
            <line number="22" hits="38" branch="False" />
            <line number="23" hits="38" branch="False" />
            <line number="24" hits="38" branch="False" />
            <line number="25" hits="38" branch="False" />
            <line number="27" hits="38" branch="False" />
            <line number="29" hits="38" branch="False" />
            <line number="30" hits="38" branch="False" />
            <line number="31" hits="38" branch="False" />
            <line number="33" hits="38" branch="False" />
          </lines>
        </class>
        <class name="CoupDeSonde.Services.PersistenceService" filename="Services\PersistenceService.cs" line-rate="1" branch-rate="1" complexity="13">
          <methods>
            <method name="IsNewSurvey" signature="(CoupDeSonde.Models.SurveyResponse,System.String)" line-rate="1" branch-rate="1" complexity="6">
              <lines>
                <line number="22" hits="3" branch="False" />
                <line number="23" hits="3" branch="False" />
                <line number="24" hits="3" branch="True" condition-coverage="100% (2/2)">
                  <conditions>
                    <condition number="20" type="jump" coverage="100%" />
                  </conditions>
                </line>
                <line number="25" hits="1" branch="False" />
                <line number="28" hits="11" branch="True" condition-coverage="100% (2/2)">
                  <conditions>
                    <condition number="85" type="jump" coverage="100%" />
                  </conditions>
                </line>
                <line number="29" hits="3" branch="False" />
                <line number="30" hits="4" branch="True" condition-coverage="100% (2/2)">
                  <conditions>
                    <condition number="71" type="jump" coverage="100%" />
                  </conditions>
                </line>
                <line number="31" hits="2" branch="False" />
                <line number="32" hits="1" branch="False" />
                <line number="33" hits="3" branch="False" />
              </lines>
            </method>
            <method name="Save" signature="(CoupDeSonde.Models.SurveyResponse,System.String)" line-rate="1" branch-rate="1" complexity="4">
              <lines>
                <line number="36" hits="3" branch="False" />
                <line number="37" hits="4" branch="True" condition-coverage="100% (2/2)">
                  <conditions>
                    <condition number="14" type="jump" coverage="100%" />
                  </conditions>
                </line>
                <line number="38" hits="2" branch="False" />
                <line number="40" hits="2" branch="True" condition-coverage="100% (2/2)">
                  <conditions>
                    <condition number="39" type="jump" coverage="100%" />
                  </conditions>
                </line>
                <line number="41" hits="1" branch="False" />
                <line number="42" hits="1" branch="False" />
                <line number="43" hits="1" branch="False" />
                <line number="44" hits="2" branch="False" />
                <line number="45" hits="2" branch="False" />
                <line number="46" hits="2" branch="False" />
                <line number="47" hits="3" branch="False" />
              </lines>
            </method>
            <method name="getRecords" signature="()" line-rate="1" branch-rate="1" complexity="1">
              <lines>
                <line number="49" hits="5" branch="False" />
                <line number="50" hits="5" branch="False" />
                <line number="51" hits="5" branch="False" />
                <line number="52" hits="5" branch="False" />
              </lines>
            </method>
            <method name="writeRecords" signature="(System.Collections.Generic.Dictionary`2&lt;System.String,System.Collections.Generic.List`1&lt;CoupDeSonde.Models.SurveyResponse&gt;&gt;)" line-rate="1" branch-rate="1" complexity="1">
              <lines>
                <line number="55" hits="2" branch="False" />
                <line number="56" hits="2" branch="False" />
                <line number="57" hits="2" branch="False" />
                <line number="58" hits="2" branch="False" />
                <line number="59" hits="2" branch="False" />
              </lines>
            </method>
            <method name=".ctor" signature="(CoupDeSonde.AppSettings)" line-rate="1" branch-rate="1" complexity="1">
              <lines>
                <line number="16" hits="9" branch="False" />
                <line number="17" hits="9" branch="False" />
                <line number="18" hits="9" branch="False" />
                <line number="19" hits="9" branch="False" />
              </lines>
            </method>
          </methods>
          <lines>
            <line number="22" hits="3" branch="False" />
            <line number="23" hits="3" branch="False" />
            <line number="24" hits="3" branch="True" condition-coverage="100% (2/2)">
              <conditions>
                <condition number="20" type="jump" coverage="100%" />
              </conditions>
            </line>
            <line number="25" hits="1" branch="False" />
            <line number="28" hits="11" branch="True" condition-coverage="100% (2/2)">
              <conditions>
                <condition number="85" type="jump" coverage="100%" />
              </conditions>
            </line>
            <line number="29" hits="3" branch="False" />
            <line number="30" hits="4" branch="True" condition-coverage="100% (2/2)">
              <conditions>
                <condition number="71" type="jump" coverage="100%" />
              </conditions>
            </line>
            <line number="31" hits="2" branch="False" />
            <line number="32" hits="1" branch="False" />
            <line number="33" hits="3" branch="False" />
            <line number="36" hits="3" branch="False" />
            <line number="37" hits="4" branch="True" condition-coverage="100% (2/2)">
              <conditions>
                <condition number="14" type="jump" coverage="100%" />
              </conditions>
            </line>
            <line number="38" hits="2" branch="False" />
            <line number="40" hits="2" branch="True" condition-coverage="100% (2/2)">
              <conditions>
                <condition number="39" type="jump" coverage="100%" />
              </conditions>
            </line>
            <line number="41" hits="1" branch="False" />
            <line number="42" hits="1" branch="False" />
            <line number="43" hits="1" branch="False" />
            <line number="44" hits="2" branch="False" />
            <line number="45" hits="2" branch="False" />
            <line number="46" hits="2" branch="False" />
            <line number="47" hits="3" branch="False" />
            <line number="49" hits="5" branch="False" />
            <line number="50" hits="5" branch="False" />
            <line number="51" hits="5" branch="False" />
            <line number="52" hits="5" branch="False" />
            <line number="55" hits="2" branch="False" />
            <line number="56" hits="2" branch="False" />
            <line number="57" hits="2" branch="False" />
            <line number="58" hits="2" branch="False" />
            <line number="59" hits="2" branch="False" />
            <line number="16" hits="9" branch="False" />
            <line number="17" hits="9" branch="False" />
            <line number="18" hits="9" branch="False" />
            <line number="19" hits="9" branch="False" />
          </lines>
        </class>
        <class name="CoupDeSonde.Services.SurveyService" filename="Services\SurveyService.cs" line-rate="1" branch-rate="1" complexity="25">
          <methods>
            <method name="GetSurveys" signature="()" line-rate="1" branch-rate="1" complexity="2">
              <lines>
                <line number="26" hits="2" branch="False" />
                <line number="27" hits="2" branch="False" />
                <line number="28" hits="2" branch="True" condition-coverage="100% (2/2)">
                  <conditions>
                    <condition number="23" type="jump" coverage="100%" />
                  </conditions>
                </line>
                <line number="29" hits="1" branch="False" />
                <line number="30" hits="1" branch="False" />
                <line number="31" hits="1" branch="False" />
                <line number="33" hits="1" branch="False" />
                <line number="34" hits="1" branch="False" />
                <line number="35" hits="2" branch="False" />
              </lines>
            </method>
            <method name="SubmitSurvey" signature="(CoupDeSonde.Models.SurveyResponse,System.String)" line-rate="1" branch-rate="1" complexity="2">
              <lines>
                <line number="38" hits="7" branch="False" />
                <line number="39" hits="7" branch="True" condition-coverage="100% (2/2)">
                  <conditions>
                    <condition number="13" type="jump" coverage="100%" />
                  </conditions>
                </line>
                <line number="40" hits="4" branch="False" />
                <line number="41" hits="3" branch="False" />
                <line number="42" hits="7" branch="False" />
              </lines>
            </method>
            <method name="IsValidResponse" signature="(CoupDeSonde.Models.SurveyResponse)" line-rate="1" branch-rate="1" complexity="10">
              <lines>
                <line number="45" hits="7" branch="False" />
                <line number="47" hits="21" branch="False" />
                <line number="48" hits="7" branch="True" condition-coverage="100% (2/2)">
                  <conditions>
                    <condition number="47" type="jump" coverage="100%" />
                  </conditions>
                </line>
                <line number="49" hits="1" branch="False" />
                <line number="51" hits="50" branch="False" />
                <line number="52" hits="48" branch="False" />
                <line number="54" hits="6" branch="True" condition-coverage="100% (4/4)">
                  <conditions>
                    <condition number="160" type="jump" coverage="100%" />
                    <condition number="181" type="jump" coverage="100%" />
                  </conditions>
                </line>
                <line number="55" hits="2" branch="False" />
                <line number="57" hits="37" branch="True" condition-coverage="100% (2/2)">
                  <conditions>
                    <condition number="312" type="jump" coverage="100%" />
                  </conditions>
                </line>
                <line number="58" hits="13" branch="False" />
                <line number="59" hits="65" branch="False" />
                <line number="62" hits="60" branch="False" />
                <line number="63" hits="13" branch="True" condition-coverage="100% (2/2)">
                  <conditions>
                    <condition number="297" type="jump" coverage="100%" />
                  </conditions>
                </line>
                <line number="64" hits="1" branch="False" />
                <line number="65" hits="12" branch="False" />
                <line number="67" hits="3" branch="False" />
                <line number="68" hits="7" branch="False" />
              </lines>
            </method>
            <method name="ParseSurveyFile" signature="()" line-rate="1" branch-rate="1" complexity="10">
              <lines>
                <line number="71" hits="9" branch="False" />
                <line number="72" hits="9" branch="False" />
                <line number="73" hits="9" branch="False" />
                <line number="76" hits="9" branch="False" />
                <line number="80" hits="9" branch="False" />
                <line number="81" hits="9" branch="False" />
                <line number="82" hits="63" branch="True" condition-coverage="100% (2/2)">
                  <conditions>
                    <condition number="502" type="jump" coverage="100%" />
                  </conditions>
                </line>
                <line number="83" hits="18" branch="False" />
                <line number="84" hits="18" branch="False" />
                <line number="85" hits="18" branch="False" />
                <line number="87" hits="18" branch="False" />
                <line number="88" hits="18" branch="False" />
                <line number="89" hits="216" branch="True" condition-coverage="100% (2/2)">
                  <conditions>
                    <condition number="437" type="jump" coverage="100%" />
                  </conditions>
                </line>
                <line number="90" hits="81" branch="False" />
                <line number="91" hits="90" branch="True" condition-coverage="100% (2/2)">
                  <conditions>
                    <condition number="170" type="jump" coverage="100%" />
                  </conditions>
                </line>
                <line number="92" hits="72" branch="False" />
                <line number="93" hits="72" branch="False" />
                <line number="94" hits="72" branch="False" />
                <line number="95" hits="72" branch="False" />
                <line number="96" hits="72" branch="False" />
                <line number="97" hits="72" branch="False" />
                <line number="98" hits="333" branch="True" condition-coverage="100% (2/2)">
                  <conditions>
                    <condition number="406" type="jump" coverage="100%" />
                  </conditions>
                </line>
                <line number="99" hits="261" branch="False" />
                <line number="100" hits="261" branch="False" />
                <line number="101" hits="261" branch="False" />
                <line number="102" hits="261" branch="True" condition-coverage="100% (2/2)">
                  <conditions>
                    <condition number="324" type="jump" coverage="100%" />
                  </conditions>
                </line>
                <line number="103" hits="72" branch="False" />
                <line number="104" hits="261" branch="False" />
                <line number="105" hits="261" branch="False" />
                <line number="107" hits="261" branch="False" />
                <line number="108" hits="261" branch="False" />
                <line number="109" hits="72" branch="False" />
                <line number="110" hits="72" branch="False" />
                <line number="111" hits="72" branch="False" />
                <line number="112" hits="18" branch="False" />
                <line number="113" hits="18" branch="False" />
                <line number="114" hits="18" branch="False" />
                <line number="115" hits="18" branch="False" />
                <line number="116" hits="9" branch="False" />
                <line number="117" hits="9" branch="False" />
              </lines>
            </method>
            <method name=".ctor" signature="(Microsoft.Extensions.Options.IOptions`1&lt;CoupDeSonde.AppSettings&gt;)" line-rate="1" branch-rate="1" complexity="1">
              <lines>
                <line number="16" hits="9" branch="False" />
                <line number="18" hits="9" branch="False" />
                <line number="19" hits="9" branch="False" />
                <line number="20" hits="9" branch="False" />
                <line number="21" hits="9" branch="False" />
                <line number="22" hits="9" branch="False" />
                <line number="23" hits="9" branch="False" />
              </lines>
            </method>
          </methods>
          <lines>
            <line number="26" hits="2" branch="False" />
            <line number="27" hits="2" branch="False" />
            <line number="28" hits="2" branch="True" condition-coverage="100% (2/2)">
              <conditions>
                <condition number="23" type="jump" coverage="100%" />
              </conditions>
            </line>
            <line number="29" hits="1" branch="False" />
            <line number="30" hits="1" branch="False" />
            <line number="31" hits="1" branch="False" />
            <line number="33" hits="1" branch="False" />
            <line number="34" hits="1" branch="False" />
            <line number="35" hits="2" branch="False" />
            <line number="38" hits="7" branch="False" />
            <line number="39" hits="7" branch="True" condition-coverage="100% (2/2)">
              <conditions>
                <condition number="13" type="jump" coverage="100%" />
              </conditions>
            </line>
            <line number="40" hits="4" branch="False" />
            <line number="41" hits="3" branch="False" />
            <line number="42" hits="7" branch="False" />
            <line number="45" hits="7" branch="False" />
            <line number="47" hits="21" branch="False" />
            <line number="48" hits="7" branch="True" condition-coverage="100% (2/2)">
              <conditions>
                <condition number="47" type="jump" coverage="100%" />
              </conditions>
            </line>
            <line number="49" hits="1" branch="False" />
            <line number="51" hits="50" branch="False" />
            <line number="52" hits="48" branch="False" />
            <line number="54" hits="6" branch="True" condition-coverage="100% (4/4)">
              <conditions>
                <condition number="160" type="jump" coverage="100%" />
                <condition number="181" type="jump" coverage="100%" />
              </conditions>
            </line>
            <line number="55" hits="2" branch="False" />
            <line number="57" hits="37" branch="True" condition-coverage="100% (2/2)">
              <conditions>
                <condition number="312" type="jump" coverage="100%" />
              </conditions>
            </line>
            <line number="58" hits="13" branch="False" />
            <line number="59" hits="65" branch="False" />
            <line number="62" hits="60" branch="False" />
            <line number="63" hits="13" branch="True" condition-coverage="100% (2/2)">
              <conditions>
                <condition number="297" type="jump" coverage="100%" />
              </conditions>
            </line>
            <line number="64" hits="1" branch="False" />
            <line number="65" hits="12" branch="False" />
            <line number="67" hits="3" branch="False" />
            <line number="68" hits="7" branch="False" />
            <line number="71" hits="9" branch="False" />
            <line number="72" hits="9" branch="False" />
            <line number="73" hits="9" branch="False" />
            <line number="76" hits="9" branch="False" />
            <line number="80" hits="9" branch="False" />
            <line number="81" hits="9" branch="False" />
            <line number="82" hits="63" branch="True" condition-coverage="100% (2/2)">
              <conditions>
                <condition number="502" type="jump" coverage="100%" />
              </conditions>
            </line>
            <line number="83" hits="18" branch="False" />
            <line number="84" hits="18" branch="False" />
            <line number="85" hits="18" branch="False" />
            <line number="87" hits="18" branch="False" />
            <line number="88" hits="18" branch="False" />
            <line number="89" hits="216" branch="True" condition-coverage="100% (2/2)">
              <conditions>
                <condition number="437" type="jump" coverage="100%" />
              </conditions>
            </line>
            <line number="90" hits="81" branch="False" />
            <line number="91" hits="90" branch="True" condition-coverage="100% (2/2)">
              <conditions>
                <condition number="170" type="jump" coverage="100%" />
              </conditions>
            </line>
            <line number="92" hits="72" branch="False" />
            <line number="93" hits="72" branch="False" />
            <line number="94" hits="72" branch="False" />
            <line number="95" hits="72" branch="False" />
            <line number="96" hits="72" branch="False" />
            <line number="97" hits="72" branch="False" />
            <line number="98" hits="333" branch="True" condition-coverage="100% (2/2)">
              <conditions>
                <condition number="406" type="jump" coverage="100%" />
              </conditions>
            </line>
            <line number="99" hits="261" branch="False" />
            <line number="100" hits="261" branch="False" />
            <line number="101" hits="261" branch="False" />
            <line number="102" hits="261" branch="True" condition-coverage="100% (2/2)">
              <conditions>
                <condition number="324" type="jump" coverage="100%" />
              </conditions>
            </line>
            <line number="103" hits="72" branch="False" />
            <line number="104" hits="261" branch="False" />
            <line number="105" hits="261" branch="False" />
            <line number="107" hits="261" branch="False" />
            <line number="108" hits="261" branch="False" />
            <line number="109" hits="72" branch="False" />
            <line number="110" hits="72" branch="False" />
            <line number="111" hits="72" branch="False" />
            <line number="112" hits="18" branch="False" />
            <line number="113" hits="18" branch="False" />
            <line number="114" hits="18" branch="False" />
            <line number="115" hits="18" branch="False" />
            <line number="116" hits="9" branch="False" />
            <line number="117" hits="9" branch="False" />
            <line number="16" hits="9" branch="False" />
            <line number="18" hits="9" branch="False" />
            <line number="19" hits="9" branch="False" />
            <line number="20" hits="9" branch="False" />
            <line number="21" hits="9" branch="False" />
            <line number="22" hits="9" branch="False" />
            <line number="23" hits="9" branch="False" />
          </lines>
        </class>
        <class name="CoupDeSonde.Models.LoginRequest" filename="Models\LoginRequest.cs" line-rate="1" branch-rate="1" complexity="2">
          <methods>
            <method name="get_Username" signature="()" line-rate="1" branch-rate="1" complexity="1">
              <lines>
                <line number="8" hits="34" branch="False" />
              </lines>
            </method>
            <method name="get_Password" signature="()" line-rate="1" branch-rate="1" complexity="1">
              <lines>
                <line number="11" hits="16" branch="False" />
              </lines>
            </method>
          </methods>
          <lines>
            <line number="8" hits="34" branch="False" />
            <line number="11" hits="16" branch="False" />
          </lines>
        </class>
        <class name="CoupDeSonde.Models.LoginResponse" filename="Models\LoginResponse.cs" line-rate="1" branch-rate="1" complexity="3">
          <methods>
            <method name="get_Username" signature="()" line-rate="1" branch-rate="1" complexity="1">
              <lines>
                <line number="5" hits="4" branch="False" />
              </lines>
            </method>
            <method name="get_Token" signature="()" line-rate="1" branch-rate="1" complexity="1">
              <lines>
                <line number="6" hits="5" branch="False" />
              </lines>
            </method>
            <method name=".ctor" signature="(CoupDeSonde.Models.User,System.String)" line-rate="1" branch-rate="1" complexity="1">
              <lines>
                <line number="9" hits="3" branch="False" />
                <line number="10" hits="3" branch="False" />
                <line number="11" hits="3" branch="False" />
                <line number="12" hits="3" branch="False" />
                <line number="13" hits="3" branch="False" />
              </lines>
            </method>
          </methods>
          <lines>
            <line number="5" hits="4" branch="False" />
            <line number="6" hits="5" branch="False" />
            <line number="9" hits="3" branch="False" />
            <line number="10" hits="3" branch="False" />
            <line number="11" hits="3" branch="False" />
            <line number="12" hits="3" branch="False" />
            <line number="13" hits="3" branch="False" />
          </lines>
        </class>
        <class name="CoupDeSonde.Models.QuestionAnswer" filename="Models\QuestionAnswer.cs" line-rate="1" branch-rate="1" complexity="3">
          <methods>
            <method name="get_QuestionId" signature="()" line-rate="1" branch-rate="1" complexity="1">
              <lines>
                <line number="6" hits="152" branch="False" />
              </lines>
            </method>
            <method name="get_Answer" signature="()" line-rate="1" branch-rate="1" complexity="1">
              <lines>
                <line number="7" hits="105" branch="False" />
              </lines>
            </method>
            <method name=".ctor" signature="(System.Int32,System.String)" line-rate="1" branch-rate="1" complexity="1">
              <lines>
                <line number="9" hits="46" branch="False" />
                <line number="10" hits="46" branch="False" />
                <line number="11" hits="46" branch="False" />
                <line number="12" hits="46" branch="False" />
                <line number="13" hits="46" branch="False" />
              </lines>
            </method>
          </methods>
          <lines>
            <line number="6" hits="152" branch="False" />
            <line number="7" hits="105" branch="False" />
            <line number="9" hits="46" branch="False" />
            <line number="10" hits="46" branch="False" />
            <line number="11" hits="46" branch="False" />
            <line number="12" hits="46" branch="False" />
            <line number="13" hits="46" branch="False" />
          </lines>
        </class>
        <class name="CoupDeSonde.Models.Survey" filename="Models\Survey.cs" line-rate="1" branch-rate="1" complexity="4">
          <methods>
            <method name="get_SurveyId" signature="()" line-rate="1" branch-rate="1" complexity="1">
              <lines>
                <line number="5" hits="34" branch="False" />
              </lines>
            </method>
            <method name="get_Title" signature="()" line-rate="1" branch-rate="1" complexity="1">
              <lines>
                <line number="6" hits="20" branch="False" />
              </lines>
            </method>
            <method name="get_SurveyQuestions" signature="()" line-rate="1" branch-rate="1" complexity="1">
              <lines>
                <line number="7" hits="113" branch="False" />
              </lines>
            </method>
            <method name=".ctor" signature="(System.String)" line-rate="1" branch-rate="1" complexity="1">
              <lines>
                <line number="9" hits="20" branch="False" />
                <line number="10" hits="20" branch="False" />
                <line number="11" hits="20" branch="False" />
                <line number="12" hits="20" branch="False" />
                <line number="13" hits="20" branch="False" />
              </lines>
            </method>
          </methods>
          <lines>
            <line number="5" hits="34" branch="False" />
            <line number="6" hits="20" branch="False" />
            <line number="7" hits="113" branch="False" />
            <line number="9" hits="20" branch="False" />
            <line number="10" hits="20" branch="False" />
            <line number="11" hits="20" branch="False" />
            <line number="12" hits="20" branch="False" />
            <line number="13" hits="20" branch="False" />
          </lines>
        </class>
        <class name="CoupDeSonde.Models.SurveyQuestion" filename="Models\SurveyQuestion.cs" line-rate="1" branch-rate="1" complexity="4">
          <methods>
            <method name="get_Prompt" signature="()" line-rate="1" branch-rate="1" complexity="1">
              <lines>
                <line number="5" hits="152" branch="False" />
              </lines>
            </method>
            <method name="get_QuestionId" signature="()" line-rate="1" branch-rate="1" complexity="1">
              <lines>
                <line number="6" hits="248" branch="False" />
              </lines>
            </method>
            <method name="get_Options" signature="()" line-rate="1" branch-rate="1" complexity="1">
              <lines>
                <line number="7" hits="354" branch="False" />
              </lines>
            </method>
            <method name=".ctor" signature="()" line-rate="1" branch-rate="1" complexity="1">
              <lines>
                <line number="9" hits="76" branch="False" />
                <line number="10" hits="76" branch="False" />
                <line number="11" hits="76" branch="False" />
                <line number="12" hits="76" branch="False" />
                <line number="13" hits="76" branch="False" />
                <line number="14" hits="76" branch="False" />
              </lines>
            </method>
          </methods>
          <lines>
            <line number="5" hits="152" branch="False" />
            <line number="6" hits="248" branch="False" />
            <line number="7" hits="354" branch="False" />
            <line number="9" hits="76" branch="False" />
            <line number="10" hits="76" branch="False" />
            <line number="11" hits="76" branch="False" />
            <line number="12" hits="76" branch="False" />
            <line number="13" hits="76" branch="False" />
            <line number="14" hits="76" branch="False" />
          </lines>
        </class>
        <class name="CoupDeSonde.Models.SurveyOption" filename="Models\SurveyQuestion.cs" line-rate="1" branch-rate="1" complexity="3">
          <methods>
            <method name="get_OptionTitle" signature="()" line-rate="1" branch-rate="1" complexity="1">
              <lines>
                <line number="19" hits="320" branch="False" />
              </lines>
            </method>
            <method name="get_OptionValue" signature="()" line-rate="1" branch-rate="1" complexity="1">
              <lines>
                <line number="20" hits="273" branch="False" />
              </lines>
            </method>
            <method name=".ctor" signature="(System.String,System.String)" line-rate="1" branch-rate="1" complexity="1">
              <lines>
                <line number="22" hits="273" branch="False" />
                <line number="23" hits="273" branch="False" />
                <line number="24" hits="273" branch="False" />
                <line number="25" hits="273" branch="False" />
                <line number="26" hits="273" branch="False" />
              </lines>
            </method>
          </methods>
          <lines>
            <line number="19" hits="320" branch="False" />
            <line number="20" hits="273" branch="False" />
            <line number="22" hits="273" branch="False" />
            <line number="23" hits="273" branch="False" />
            <line number="24" hits="273" branch="False" />
            <line number="25" hits="273" branch="False" />
            <line number="26" hits="273" branch="False" />
          </lines>
        </class>
        <class name="CoupDeSonde.Models.SurveyRequestResponse" filename="Models\SurveyRequestResponse.cs" line-rate="1" branch-rate="1" complexity="3">
          <methods>
            <method name="get_Error" signature="()" line-rate="1" branch-rate="1" complexity="1">
              <lines>
                <line number="7" hits="11" branch="False" />
              </lines>
            </method>
            <method name="get_Surveys" signature="()" line-rate="1" branch-rate="1" complexity="1">
              <lines>
                <line number="10" hits="12" branch="False" />
              </lines>
            </method>
            <method name=".ctor" signature="()" line-rate="1" branch-rate="1" complexity="1">
              <lines>
                <line number="12" hits="5" branch="False" />
                <line number="13" hits="5" branch="False" />
                <line number="14" hits="5" branch="False" />
                <line number="15" hits="5" branch="False" />
                <line number="16" hits="5" branch="False" />
              </lines>
            </method>
          </methods>
          <lines>
            <line number="7" hits="11" branch="False" />
            <line number="10" hits="12" branch="False" />
            <line number="12" hits="5" branch="False" />
            <line number="13" hits="5" branch="False" />
            <line number="14" hits="5" branch="False" />
            <line number="15" hits="5" branch="False" />
            <line number="16" hits="5" branch="False" />
          </lines>
        </class>
        <class name="CoupDeSonde.Models.SurveyResponse" filename="Models\SurveyResponse.cs" line-rate="1" branch-rate="1" complexity="3">
          <methods>
            <method name="get_SurveyId" signature="()" line-rate="1" branch-rate="1" complexity="1">
              <lines>
                <line number="8" hits="36" branch="False" />
              </lines>
            </method>
            <method name="get_Responses" signature="()" line-rate="1" branch-rate="1" complexity="1">
              <lines>
                <line number="10" hits="26" branch="False" />
              </lines>
            </method>
            <method name=".ctor" signature="(System.Int32,System.Collections.Generic.List`1&lt;CoupDeSonde.Models.QuestionAnswer&gt;)" line-rate="1" branch-rate="1" complexity="1">
              <lines>
                <line number="12" hits="13" branch="False" />
                <line number="13" hits="13" branch="False" />
                <line number="14" hits="13" branch="False" />
                <line number="15" hits="13" branch="False" />
                <line number="16" hits="13" branch="False" />
              </lines>
            </method>
          </methods>
          <lines>
            <line number="8" hits="36" branch="False" />
            <line number="10" hits="26" branch="False" />
            <line number="12" hits="13" branch="False" />
            <line number="13" hits="13" branch="False" />
            <line number="14" hits="13" branch="False" />
            <line number="15" hits="13" branch="False" />
            <line number="16" hits="13" branch="False" />
          </lines>
        </class>
        <class name="CoupDeSonde.Models.User" filename="Models\User.cs" line-rate="1" branch-rate="1" complexity="3">
          <methods>
            <method name="get_Username" signature="()" line-rate="1" branch-rate="1" complexity="1">
              <lines>
                <line number="7" hits="193" branch="False" />
              </lines>
            </method>
            <method name="get_PasswordHash" signature="()" line-rate="1" branch-rate="1" complexity="1">
              <lines>
                <line number="10" hits="319" branch="False" />
              </lines>
            </method>
            <method name=".ctor" signature="(System.String,System.String)" line-rate="1" branch-rate="1" complexity="1">
              <lines>
                <line number="12" hits="160" branch="False" />
                <line number="13" hits="160" branch="False" />
                <line number="14" hits="160" branch="False" />
                <line number="15" hits="160" branch="False" />
                <line number="16" hits="160" branch="False" />
              </lines>
            </method>
          </methods>
          <lines>
            <line number="7" hits="193" branch="False" />
            <line number="10" hits="319" branch="False" />
            <line number="12" hits="160" branch="False" />
            <line number="13" hits="160" branch="False" />
            <line number="14" hits="160" branch="False" />
            <line number="15" hits="160" branch="False" />
            <line number="16" hits="160" branch="False" />
          </lines>
        </class>
        <class name="CoupDeSonde.Middlewares.JwtTokenValidator" filename="Middlewares\JwtTokenValidator.cs" line-rate="1" branch-rate="1" complexity="2">
          <methods>
            <method name="attachUserToContext" signature="(Microsoft.AspNetCore.Http.HttpContext,CoupDeSonde.Services.IAuthentificationService,System.String)" line-rate="1" branch-rate="1" complexity="1">
              <lines>
                <line number="32" hits="2" branch="False" />
                <line number="34" hits="2" branch="False" />
                <line number="35" hits="2" branch="False" />
                <line number="36" hits="2" branch="False" />
                <line number="37" hits="2" branch="False" />
                <line number="38" hits="2" branch="False" />
                <line number="39" hits="2" branch="False" />
                <line number="40" hits="2" branch="False" />
                <line number="41" hits="2" branch="False" />
                <line number="42" hits="2" branch="False" />
                <line number="43" hits="2" branch="False" />
                <line number="44" hits="2" branch="False" />
                <line number="45" hits="2" branch="False" />
                <line number="47" hits="1" branch="False" />
                <line number="48" hits="2" branch="False" />
                <line number="51" hits="1" branch="False" />
                <line number="52" hits="1" branch="False" />
                <line number="53" hits="1" branch="False" />
                <line number="54" hits="1" branch="False" />
                <line number="57" hits="1" branch="False" />
                <line number="58" hits="2" branch="False" />
              </lines>
            </method>
            <method name=".ctor" signature="(Microsoft.AspNetCore.Http.RequestDelegate,Microsoft.Extensions.Options.IOptions`1&lt;CoupDeSonde.AppSettings&gt;)" line-rate="1" branch-rate="1" complexity="1">
              <lines>
                <line number="15" hits="35" branch="False" />
                <line number="16" hits="35" branch="False" />
                <line number="17" hits="35" branch="False" />
                <line number="18" hits="35" branch="False" />
                <line number="19" hits="35" branch="False" />
              </lines>
            </method>
          </methods>
          <lines>
            <line number="32" hits="2" branch="False" />
            <line number="34" hits="2" branch="False" />
            <line number="35" hits="2" branch="False" />
            <line number="36" hits="2" branch="False" />
            <line number="37" hits="2" branch="False" />
            <line number="38" hits="2" branch="False" />
            <line number="39" hits="2" branch="False" />
            <line number="40" hits="2" branch="False" />
            <line number="41" hits="2" branch="False" />
            <line number="42" hits="2" branch="False" />
            <line number="43" hits="2" branch="False" />
            <line number="44" hits="2" branch="False" />
            <line number="45" hits="2" branch="False" />
            <line number="47" hits="1" branch="False" />
            <line number="48" hits="2" branch="False" />
            <line number="51" hits="1" branch="False" />
            <line number="52" hits="1" branch="False" />
            <line number="53" hits="1" branch="False" />
            <line number="54" hits="1" branch="False" />
            <line number="57" hits="1" branch="False" />
            <line number="58" hits="2" branch="False" />
            <line number="15" hits="35" branch="False" />
            <line number="16" hits="35" branch="False" />
            <line number="17" hits="35" branch="False" />
            <line number="18" hits="35" branch="False" />
            <line number="19" hits="35" branch="False" />
          </lines>
        </class>
        <class name="CoupDeSonde.Middlewares.JwtTokenValidator/&lt;Invoke&gt;d__3" filename="Middlewares\JwtTokenValidator.cs" line-rate="1" branch-rate="1" complexity="4">
          <methods>
            <method name="MoveNext" signature="()" line-rate="1" branch-rate="1" complexity="4">
              <lines>
                <line number="22" hits="35" branch="False" />
                <line number="23" hits="35" branch="True" condition-coverage="100% (2/2)">
                  <conditions>
                    <condition number="56" type="jump" coverage="100%" />
                  </conditions>
                </line>
                <line number="25" hits="35" branch="True" condition-coverage="100% (2/2)">
                  <conditions>
                    <condition number="94" type="jump" coverage="100%" />
                  </conditions>
                </line>
                <line number="26" hits="2" branch="False" />
                <line number="28" hits="35" branch="False" />
                <line number="29" hits="35" branch="False" />
              </lines>
            </method>
          </methods>
          <lines>
            <line number="22" hits="35" branch="False" />
            <line number="23" hits="35" branch="True" condition-coverage="100% (2/2)">
              <conditions>
                <condition number="56" type="jump" coverage="100%" />
              </conditions>
            </line>
            <line number="25" hits="35" branch="True" condition-coverage="100% (2/2)">
              <conditions>
                <condition number="94" type="jump" coverage="100%" />
              </conditions>
            </line>
            <line number="26" hits="2" branch="False" />
            <line number="28" hits="35" branch="False" />
            <line number="29" hits="35" branch="False" />
          </lines>
        </class>
        <class name="CoupDeSonde.Controllers.LoginController" filename="Controllers\LoginController.cs" line-rate="1" branch-rate="1" complexity="3">
          <methods>
            <method name="Login" signature="(CoupDeSonde.Models.LoginRequest)" line-rate="1" branch-rate="1" complexity="2">
              <lines>
                <line number="20" hits="5" branch="False" />
                <line number="21" hits="5" branch="False" />
                <line number="23" hits="5" branch="True" condition-coverage="100% (2/2)">
                  <conditions>
                    <condition number="20" type="jump" coverage="100%" />
                  </conditions>
                </line>
                <line number="24" hits="3" branch="False" />
                <line number="26" hits="2" branch="False" />
                <line number="27" hits="5" branch="False" />
              </lines>
            </method>
            <method name=".ctor" signature="(CoupDeSonde.Services.IAuthentificationService)" line-rate="1" branch-rate="1" complexity="1">
              <lines>
                <line number="13" hits="35" branch="False" />
                <line number="14" hits="35" branch="False" />
                <line number="15" hits="35" branch="False" />
                <line number="16" hits="35" branch="False" />
              </lines>
            </method>
          </methods>
          <lines>
            <line number="20" hits="5" branch="False" />
            <line number="21" hits="5" branch="False" />
            <line number="23" hits="5" branch="True" condition-coverage="100% (2/2)">
              <conditions>
                <condition number="20" type="jump" coverage="100%" />
              </conditions>
            </line>
            <line number="24" hits="3" branch="False" />
            <line number="26" hits="2" branch="False" />
            <line number="27" hits="5" branch="False" />
            <line number="13" hits="35" branch="False" />
            <line number="14" hits="35" branch="False" />
            <line number="15" hits="35" branch="False" />
            <line number="16" hits="35" branch="False" />
          </lines>
        </class>
        <class name="CoupDeSonde.Controllers.SurveyController" filename="Controllers\SurveyController.cs" line-rate="1" branch-rate="1" complexity="4">
          <methods>
            <method name="GetSurveys" signature="()" line-rate="1" branch-rate="1" complexity="1">
              <lines>
                <line number="21" hits="1" branch="False" />
                <line number="22" hits="1" branch="False" />
                <line number="23" hits="1" branch="False" />
              </lines>
            </method>
            <method name="SubmitSurvey" signature="(CoupDeSonde.Models.SurveyResponse)" line-rate="1" branch-rate="1" complexity="2">
              <lines>
                <line number="28" hits="2" branch="False" />
                <line number="29" hits="2" branch="False" />
                <line number="30" hits="2" branch="True" condition-coverage="100% (2/2)">
                  <conditions>
                    <condition number="48" type="jump" coverage="100%" />
                  </conditions>
                </line>
                <line number="31" hits="1" branch="False" />
                <line number="33" hits="1" branch="False" />
                <line number="34" hits="2" branch="False" />
              </lines>
            </method>
            <method name=".ctor" signature="(CoupDeSonde.Services.ISurveyService)" line-rate="1" branch-rate="1" complexity="1">
              <lines>
                <line number="13" hits="3" branch="False" />
                <line number="14" hits="3" branch="False" />
                <line number="15" hits="3" branch="False" />
                <line number="16" hits="3" branch="False" />
              </lines>
            </method>
          </methods>
          <lines>
            <line number="21" hits="1" branch="False" />
            <line number="22" hits="1" branch="False" />
            <line number="23" hits="1" branch="False" />
            <line number="28" hits="2" branch="False" />
            <line number="29" hits="2" branch="False" />
            <line number="30" hits="2" branch="True" condition-coverage="100% (2/2)">
              <conditions>
                <condition number="48" type="jump" coverage="100%" />
              </conditions>
            </line>
            <line number="31" hits="1" branch="False" />
            <line number="33" hits="1" branch="False" />
            <line number="34" hits="2" branch="False" />
            <line number="13" hits="3" branch="False" />
            <line number="14" hits="3" branch="False" />
            <line number="15" hits="3" branch="False" />
            <line number="16" hits="3" branch="False" />
          </lines>
        </class>
      </classes>
    </package>
  </packages>
</coverage>